<?xml version="1.0" encoding="UTF-8"?>
<!-- Generated by org.testng.reporters.JUnitXMLReporter -->
<testsuite hostname="DML-01934" ignored="0" name="Automation Tests" tests="8" failures="0" timestamp="06 Sep 2018 21:10:31 GMT" time="0.066" errors="0">
  <testcase name="@BeforeSuite setup" time="0.0" classname="mdThink.SiteChecksSplit">
    <failure type="org.testng.TestNGException" message="
Parameter &amp;apos;browser&amp;apos; is required by BeforeSuite on method setup but has not been marked @Optional or defined
in C:\Users\madjoodani\workspace\MDThink\testng.xml">
      <![CDATA[org.testng.TestNGException: 
Parameter 'browser' is required by BeforeSuite on method setup but has not been marked @Optional or defined
in C:\Users\madjoodani\workspace\MDThink\testng.xml
... Removed 17 stack frames]]>
    </failure>
  </testcase> <!-- @BeforeSuite setup -->
  <testcase name="checkBitbucket" time="0.0" classname="mdThink.SiteChecksSplit">
    <skipped/>
  </testcase> <!-- checkBitbucket -->
  <testcase name="checkConfluence" time="0.0" classname="mdThink.SiteChecksSplit">
    <skipped/>
  </testcase> <!-- checkConfluence -->
  <testcase name="checkEeMDThink" time="0.0" classname="mdThink.SiteChecksSplit">
    <skipped/>
  </testcase> <!-- checkEeMDThink -->
  <testcase name="checkJenkins" time="0.0" classname="mdThink.SiteChecksSplit">
    <skipped/>
  </testcase> <!-- checkJenkins -->
  <testcase name="checkLTC" time="0.0" classname="mdThink.SiteChecksSplit">
    <skipped/>
  </testcase> <!-- checkLTC -->
  <testcase name="checkOpenAM" time="0.0" classname="mdThink.SiteChecksSplit">
    <skipped/>
  </testcase> <!-- checkOpenAM -->
  <testcase name="checkServicedesk" time="0.0" classname="mdThink.SiteChecksSplit">
    <skipped/>
  </testcase> <!-- checkServicedesk -->
  <testcase name="checkSplunk" time="0.0" classname="mdThink.SiteChecksSplit">
    <skipped/>
  </testcase> <!-- checkSplunk -->
</testsuite> <!-- Automation Tests -->
